2024-07-29T22:53:40.795Z [info]: Incoming request: GET /api/movements from ::1
2024-07-29T22:53:40.799Z [info]: Response status: 404 for GET /api/movements
2024-07-29T22:53:49.266Z [info]: Incoming request: GET /api/auth from ::1
2024-07-29T22:53:49.267Z [info]: Response status: 404 for GET /api/auth
2024-07-29T22:54:03.306Z [info]: Incoming request: GET /api/auth from ::1
2024-07-29T22:54:03.306Z [info]: Response status: 404 for GET /api/auth
2024-07-29T22:54:11.522Z [info]: Incoming request: GET /auth from ::1
2024-07-29T22:54:11.523Z [info]: Response status: 404 for GET /auth
2024-07-29T22:54:17.065Z [info]: Incoming request: GET /clients from ::1
2024-07-29T22:54:17.067Z [info]: Response status: 401 for GET /
2024-07-29T22:54:21.655Z [info]: Incoming request: GET /movements from ::1
2024-07-29T22:54:21.656Z [info]: Response status: 404 for GET /movements
2024-07-29T22:54:26.980Z [info]: Incoming request: GET /agent from ::1
2024-07-29T22:54:26.981Z [info]: Response status: 404 for GET /agent
2024-07-29T22:54:31.011Z [info]: Incoming request: GET /agents from ::1
2024-07-29T22:54:31.012Z [info]: Response status: 401 for GET /
2024-07-29T22:54:42.844Z [info]: Incoming request: GET /clients from ::1
2024-07-29T22:54:42.845Z [info]: Response status: 401 for GET /
2024-07-29T22:54:47.327Z [info]: Incoming request: GET /visits from ::1
2024-07-29T22:54:47.328Z [info]: Response status: 401 for GET /
2024-07-29T22:54:51.431Z [info]: Incoming request: GET /promos from ::1
2024-07-29T22:54:51.432Z [info]: Response status: 401 for GET /
2024-07-29T22:54:54.663Z [info]: Incoming request: GET /oauth from ::1
2024-07-29T22:54:54.664Z [info]: Response status: 404 for GET /oauth
2024-07-29T22:56:28.110Z [info]: Incoming request: GET /auth/register from ::1
2024-07-29T22:56:28.110Z [info]: Response status: 404 for GET /auth/register
2024-07-29T22:58:10.881Z [info]: Incoming request: GET //agents from ::1
2024-07-29T22:58:10.882Z [info]: Response status: 404 for GET //agents
2024-07-29T22:58:10.885Z [info]: Incoming request: GET //movements from ::1
2024-07-29T22:58:10.885Z [info]: Response status: 404 for GET //movements
2024-07-29T22:58:10.888Z [info]: Incoming request: GET //clients from ::1
2024-07-29T22:58:10.889Z [info]: Response status: 404 for GET //clients
2024-07-29T22:58:11.044Z [info]: Incoming request: GET //movements from ::1
2024-07-29T22:58:11.045Z [info]: Incoming request: GET //agents from ::1
2024-07-29T22:58:11.046Z [info]: Response status: 404 for GET //movements
2024-07-29T22:58:11.046Z [info]: Response status: 404 for GET //agents
2024-07-29T22:58:11.203Z [info]: Incoming request: GET //agents from ::1
2024-07-29T22:58:11.204Z [info]: Response status: 404 for GET //agents
2024-07-29T22:58:11.204Z [info]: Incoming request: GET //movements from ::1
2024-07-29T22:58:11.205Z [info]: Response status: 404 for GET //movements
2024-07-29T22:58:11.363Z [info]: Incoming request: GET //movements from ::1
2024-07-29T22:58:11.364Z [info]: Response status: 404 for GET //movements
2024-07-29T22:58:51.289Z [info]: Incoming request: GET //agents from ::1
2024-07-29T22:58:51.290Z [info]: Incoming request: GET //clients from ::1
2024-07-29T22:58:51.291Z [info]: Response status: 404 for GET //agents
2024-07-29T22:58:51.291Z [info]: Response status: 404 for GET //clients
2024-07-29T22:58:51.313Z [info]: Incoming request: GET //movements from ::1
2024-07-29T22:58:51.314Z [info]: Response status: 404 for GET //movements
2024-07-29T22:58:51.446Z [info]: Incoming request: GET //agents from ::1
2024-07-29T22:58:51.446Z [info]: Response status: 404 for GET //agents
2024-07-29T22:58:52.374Z [info]: Incoming request: GET //movements from ::1
2024-07-29T22:58:52.375Z [info]: Response status: 404 for GET //movements
2024-07-29T22:58:52.383Z [info]: Incoming request: GET //agents from ::1
2024-07-29T22:58:52.383Z [info]: Response status: 404 for GET //agents
2024-07-29T22:58:52.528Z [info]: Incoming request: GET //movements from ::1
2024-07-29T22:58:52.529Z [info]: Response status: 404 for GET //movements
2024-07-29T22:58:52.683Z [info]: Incoming request: GET //movements from ::1
2024-07-29T22:58:52.685Z [info]: Response status: 404 for GET //movements
2024-07-29T22:59:32.463Z [info]: Incoming request: GET /agents from ::1
2024-07-29T22:59:32.464Z [info]: Response status: 401 for GET /
2024-07-29T22:59:32.471Z [info]: Incoming request: GET /clients from ::1
2024-07-29T22:59:32.472Z [info]: Response status: 401 for GET /
2024-07-29T22:59:32.473Z [info]: Incoming request: GET /movements from ::1
2024-07-29T22:59:32.474Z [info]: Response status: 404 for GET /movements
2024-07-29T22:59:32.628Z [info]: Incoming request: GET /agents from ::1
2024-07-29T22:59:32.629Z [info]: Response status: 401 for GET /
2024-07-29T22:59:32.632Z [info]: Incoming request: GET /clients from ::1
2024-07-29T22:59:32.633Z [info]: Response status: 401 for GET /
2024-07-29T22:59:32.635Z [info]: Incoming request: GET /movements from ::1
2024-07-29T22:59:32.635Z [info]: Response status: 404 for GET /movements
2024-07-29T22:59:32.786Z [info]: Incoming request: GET /agents from ::1
2024-07-29T22:59:32.787Z [info]: Response status: 401 for GET /
2024-07-29T22:59:32.947Z [info]: Incoming request: GET /agents from ::1
2024-07-29T22:59:32.948Z [info]: Response status: 401 for GET /
2024-07-29T22:59:34.092Z [info]: Incoming request: GET /movements from ::1
2024-07-29T22:59:34.093Z [info]: Response status: 404 for GET /movements
2024-07-29T22:59:34.095Z [info]: Incoming request: GET /agents from ::1
2024-07-29T22:59:34.096Z [info]: Response status: 401 for GET /
2024-07-29T22:59:34.251Z [info]: Incoming request: GET /movements from ::1
2024-07-29T22:59:34.252Z [info]: Response status: 404 for GET /movements
2024-07-29T22:59:34.269Z [info]: Incoming request: GET /agents from ::1
2024-07-29T22:59:34.270Z [info]: Response status: 401 for GET /
2024-07-29T22:59:34.409Z [info]: Incoming request: GET /movements from ::1
2024-07-29T22:59:34.409Z [info]: Response status: 404 for GET /movements
2024-07-29T22:59:34.568Z [info]: Incoming request: GET /movements from ::1
2024-07-29T22:59:34.569Z [info]: Response status: 404 for GET /movements
2024-07-29T22:59:34.725Z [info]: Incoming request: GET /movements from ::1
2024-07-29T22:59:34.725Z [info]: Response status: 404 for GET /movements
2024-07-29T22:59:34.884Z [info]: Incoming request: GET /movements from ::1
2024-07-29T22:59:34.884Z [info]: Response status: 404 for GET /movements
2024-07-29T23:00:23.558Z [info]: Incoming request: GET /clients from ::1
2024-07-29T23:00:23.559Z [info]: Response status: 401 for GET /
2024-07-29T23:00:23.560Z [info]: Incoming request: GET /movements from ::1
2024-07-29T23:00:23.560Z [info]: Response status: 404 for GET /movements
2024-07-29T23:00:23.566Z [info]: Incoming request: GET /agents from ::1
2024-07-29T23:00:23.567Z [info]: Response status: 401 for GET /
2024-07-29T23:00:23.726Z [info]: Incoming request: GET /agents from ::1
2024-07-29T23:00:23.727Z [info]: Response status: 401 for GET /
2024-07-29T23:00:23.877Z [info]: Incoming request: GET /movements from ::1
2024-07-29T23:00:23.877Z [info]: Response status: 404 for GET /movements
2024-07-29T23:00:23.883Z [info]: Incoming request: GET /agents from ::1
2024-07-29T23:00:23.884Z [info]: Response status: 401 for GET /
2024-07-29T23:00:24.030Z [info]: Incoming request: GET /movements from ::1
2024-07-29T23:00:24.031Z [info]: Response status: 404 for GET /movements
2024-07-29T23:00:24.187Z [info]: Incoming request: GET /movements from ::1
2024-07-29T23:00:24.188Z [info]: Response status: 404 for GET /movements
2024-07-29T23:00:41.880Z [info]: Incoming request: GET /clients from ::1
2024-07-29T23:00:41.886Z [info]: Response status: 401 for GET /
2024-07-29T23:00:41.890Z [info]: Incoming request: GET /movements from ::1
2024-07-29T23:00:41.892Z [info]: Response status: 401 for GET /
2024-07-29T23:00:41.893Z [info]: Incoming request: GET /agents from ::1
2024-07-29T23:00:41.895Z [info]: Response status: 401 for GET /
2024-07-29T23:00:42.055Z [info]: Incoming request: GET /agents from ::1
2024-07-29T23:00:42.056Z [info]: Response status: 401 for GET /
2024-07-29T23:00:42.102Z [info]: Incoming request: GET /movements from ::1
2024-07-29T23:00:42.103Z [info]: Response status: 401 for GET /
2024-07-29T23:00:42.214Z [info]: Incoming request: GET /agents from ::1
2024-07-29T23:00:42.215Z [info]: Response status: 401 for GET /
2024-07-29T23:00:42.262Z [info]: Incoming request: GET /movements from ::1
2024-07-29T23:00:42.263Z [info]: Response status: 401 for GET /
2024-07-29T23:00:42.437Z [info]: Incoming request: GET /movements from ::1
2024-07-29T23:00:42.438Z [info]: Response status: 401 for GET /
